app/build/intermediates/manifest_merge_blame_file/debug/manifest-merger-blame-debug-report.txt
1<?xml version="1.0" encoding="utf-8"?>
2<manifest xmlns:android="http://schemas.android.com/apk/res/android"
3    package="com.pack.bicisegura"
4    android:versionCode="1"
5    android:versionName="1.0" >
6
7    <uses-sdk
8        android:minSdkVersion="16"
8-->src\main\AndroidManifest.xml
9        android:targetSdkVersion="30" />
9-->src\main\AndroidManifest.xml
10
11    <uses-permission android:name="android.permission.INTERNET" />
11-->src\main\AndroidManifest.xml:5:5-66
11-->src\main\AndroidManifest.xml:5:22-64
12    <uses-permission android:name="android.permission.WRITE_EXTERNAL_STORAGE" />
12-->src\main\AndroidManifest.xml:6:5-81
12-->src\main\AndroidManifest.xml:6:22-78
13    <uses-permission android:name="android.permission.READ_EXTERNAL_STORAGE" />
13-->src\main\AndroidManifest.xml:7:5-80
13-->src\main\AndroidManifest.xml:7:22-77
14
15    <application
15-->src\main\AndroidManifest.xml:10:5-41:19
16        android:allowBackup="true"
16-->src\main\AndroidManifest.xml:11:9-35
17        android:appComponentFactory="androidx.core.app.CoreComponentFactory"
17-->[androidx.core:core:1.3.1] AndroidManifest.xml:24:18-86
18        android:debuggable="true"
19        android:icon="@mipmap/ic_launcher"
19-->src\main\AndroidManifest.xml:12:9-43
20        android:label="@string/app_name"
20-->src\main\AndroidManifest.xml:13:9-41
21        android:roundIcon="@mipmap/ic_launcher_round"
21-->src\main\AndroidManifest.xml:14:9-54
22        android:supportsRtl="true"
22-->src\main\AndroidManifest.xml:15:9-35
23        android:testOnly="true"
24        android:theme="@style/AppTheme" >
24-->src\main\AndroidManifest.xml:16:9-40
25        <activity android:name="com.pack.bicisegura.MainActivity" >
25-->src\main\AndroidManifest.xml:17:9-23:20
25-->src\main\AndroidManifest.xml:17:19-47
26            <intent-filter>
26-->src\main\AndroidManifest.xml:18:13-22:29
27                <action android:name="android.intent.action.MAIN" />
27-->src\main\AndroidManifest.xml:19:17-69
27-->src\main\AndroidManifest.xml:19:25-66
28
29                <category android:name="android.intent.category.LAUNCHER" />
29-->src\main\AndroidManifest.xml:21:17-77
29-->src\main\AndroidManifest.xml:21:27-74
30            </intent-filter>
31        </activity>
32        <activity
32-->src\main\AndroidManifest.xml:24:9-27:20
33            android:name="com.pack.bicisegura.Barra_Lateral"
33-->src\main\AndroidManifest.xml:25:13-42
34            android:theme="@style/AppTheme.NoActionBar" >
34-->src\main\AndroidManifest.xml:26:13-56
35        </activity>
36        <activity android:name="com.pack.bicisegura.registrousuario" >
36-->src\main\AndroidManifest.xml:28:9-30:20
36-->src\main\AndroidManifest.xml:29:13-44
37        </activity>
38        <activity android:name="com.pack.bicisegura.denunciar" >
38-->src\main\AndroidManifest.xml:31:9-33:20
38-->src\main\AndroidManifest.xml:32:13-38
39        </activity>
40        <activity android:name="com.pack.bicisegura.eliminar_denuncia" >
40-->src\main\AndroidManifest.xml:34:9-36:20
40-->src\main\AndroidManifest.xml:35:13-46
41        </activity>
42        <activity android:name="com.pack.bicisegura.denuncias_filtradas" >
42-->src\main\AndroidManifest.xml:37:9-39:20
42-->src\main\AndroidManifest.xml:38:13-48
43        </activity>
44        <activity
44-->[pub.devrel:easypermissions:3.0.0] AndroidManifest.xml:12:9-16:66
45            android:name="pub.devrel.easypermissions.AppSettingsDialogHolderActivity"
45-->[pub.devrel:easypermissions:3.0.0] AndroidManifest.xml:13:13-86
46            android:exported="false"
46-->[pub.devrel:easypermissions:3.0.0] AndroidManifest.xml:14:13-37
47            android:label=""
47-->[pub.devrel:easypermissions:3.0.0] AndroidManifest.xml:15:13-29
48            android:theme="@style/EasyPermissions.Transparent" />
48-->[pub.devrel:easypermissions:3.0.0] AndroidManifest.xml:16:13-63
49        <activity
49-->[com.google.android.gms:play-services-auth:18.1.0] AndroidManifest.xml:23:9-27:75
50            android:name="com.google.android.gms.auth.api.signin.internal.SignInHubActivity"
50-->[com.google.android.gms:play-services-auth:18.1.0] AndroidManifest.xml:24:13-93
51            android:excludeFromRecents="true"
51-->[com.google.android.gms:play-services-auth:18.1.0] AndroidManifest.xml:25:13-46
52            android:exported="false"
52-->[com.google.android.gms:play-services-auth:18.1.0] AndroidManifest.xml:26:13-37
53            android:theme="@android:style/Theme.Translucent.NoTitleBar" />
53-->[com.google.android.gms:play-services-auth:18.1.0] AndroidManifest.xml:27:13-72
54        <!--
55            Service handling Google Sign-In user revocation. For apps that do not integrate with
56            Google Sign-In, this service will never be started.
57        -->
58        <service
58-->[com.google.android.gms:play-services-auth:18.1.0] AndroidManifest.xml:33:9-37:51
59            android:name="com.google.android.gms.auth.api.signin.RevocationBoundService"
59-->[com.google.android.gms:play-services-auth:18.1.0] AndroidManifest.xml:34:13-89
60            android:exported="true"
60-->[com.google.android.gms:play-services-auth:18.1.0] AndroidManifest.xml:35:13-36
61            android:permission="com.google.android.gms.auth.api.signin.permission.REVOCATION_NOTIFICATION"
61-->[com.google.android.gms:play-services-auth:18.1.0] AndroidManifest.xml:36:13-107
62            android:visibleToInstantApps="true" />
62-->[com.google.android.gms:play-services-auth:18.1.0] AndroidManifest.xml:37:13-48
63
64        <provider
64-->[com.squareup.picasso:picasso:2.71828] AndroidManifest.xml:8:9-11:40
65            android:name="com.squareup.picasso.PicassoProvider"
65-->[com.squareup.picasso:picasso:2.71828] AndroidManifest.xml:9:13-64
66            android:authorities="com.pack.bicisegura.com.squareup.picasso"
66-->[com.squareup.picasso:picasso:2.71828] AndroidManifest.xml:10:13-72
67            android:exported="false" />
67-->[com.squareup.picasso:picasso:2.71828] AndroidManifest.xml:11:13-37
68
69        <activity
69-->[com.google.android.gms:play-services-base:17.1.0] AndroidManifest.xml:23:9-26:75
70            android:name="com.google.android.gms.common.api.GoogleApiActivity"
70-->[com.google.android.gms:play-services-base:17.1.0] AndroidManifest.xml:24:13-79
71            android:exported="false"
71-->[com.google.android.gms:play-services-base:17.1.0] AndroidManifest.xml:25:13-37
72            android:theme="@android:style/Theme.Translucent.NoTitleBar" />
72-->[com.google.android.gms:play-services-base:17.1.0] AndroidManifest.xml:26:13-72
73
74        <meta-data
74-->[com.google.android.gms:play-services-basement:17.1.1] AndroidManifest.xml:23:9-25:69
75            android:name="com.google.android.gms.version"
75-->[com.google.android.gms:play-services-basement:17.1.1] AndroidManifest.xml:24:13-58
76            android:value="@integer/google_play_services_version" />
76-->[com.google.android.gms:play-services-basement:17.1.1] AndroidManifest.xml:25:13-66
77    </application>
78
79</manifest>